{
  "stats": {
    "suites": 1,
    "tests": 1,
    "passes": 0,
    "pending": 0,
    "failures": 1,
    "start": "2019-08-18T07:21:06.128Z",
    "end": "2019-08-18T07:21:06.464Z",
    "duration": 336,
    "testsRegistered": 1,
    "passPercent": 0,
    "pendingPercent": 0,
    "other": 0,
    "hasOther": false,
    "skipped": 0,
    "hasSkipped": false
  },
  "results": [
    {
      "uuid": "3d25bae9-c14d-4ec7-96cd-98e3bb10b59d",
      "title": "",
      "fullFile": "",
      "file": "",
      "beforeHooks": [],
      "afterHooks": [],
      "tests": [],
      "suites": [
        {
          "uuid": "eefd6102-f997-438b-b96f-6b48beac5600",
          "title": "Login",
          "fullFile": "",
          "file": "",
          "beforeHooks": [],
          "afterHooks": [],
          "tests": [
            {
              "title": "TC1Performinglogin",
              "fullTitle": "Login TC1Performinglogin",
              "timedOut": null,
              "duration": 317,
              "state": "failed",
              "speed": null,
              "pass": false,
              "fail": true,
              "pending": false,
              "context": null,
              "code": "if (backgroundSection) {\n  backgroundSection.steps.forEach(step => stepTest.call(this, step));\n}\nscenario.steps.forEach(step => stepTest.call(this, step));",
              "err": {
                "message": "TypeError: Cannot read property 'cardata' of undefined",
                "estack": "TypeError: Cannot read property 'cardata' of undefined\n    at Context.<anonymous> (http://localhost:61807/__cypress/tests?p=cypress/integration/login.feature-947:34:21)\n    at Context.resolveAndRunStepDefinition (http://localhost:61807/__cypress/tests?p=cypress/integration/login.feature-947:5931:9)\n    at Context.stepTest (http://localhost:61807/__cypress/tests?p=cypress/integration/login.feature-947:5719:31)\n    at scenario.steps.forEach.step (http://localhost:61807/__cypress/tests?p=cypress/integration/login.feature-947:5764:47)\n    at Array.forEach (<anonymous>)\n    at Context.<anonymous> (http://localhost:61807/__cypress/tests?p=cypress/integration/login.feature-947:5764:22)",
                "diff": null
              },
              "uuid": "885054f1-2987-4950-a46a-969290fb4779",
              "parentUUID": "eefd6102-f997-438b-b96f-6b48beac5600",
              "isHook": false,
              "skipped": false
            }
          ],
          "suites": [],
          "passes": [],
          "failures": [
            "885054f1-2987-4950-a46a-969290fb4779"
          ],
          "pending": [],
          "skipped": [],
          "duration": 317,
          "root": false,
          "rootEmpty": false,
          "_timeout": 2000
        }
      ],
      "passes": [],
      "failures": [],
      "pending": [],
      "skipped": [],
      "duration": 0,
      "root": true,
      "rootEmpty": true,
      "_timeout": 2000
    }
  ],
  "meta": {
    "mocha": {
      "version": "5.0.0"
    },
    "mochawesome": {
      "options": {
        "quiet": false,
        "reportFilename": "mochawesome",
        "saveHtml": false,
        "saveJson": true,
        "consoleReporter": "spec",
        "useInlineDiffs": false
      },
      "version": "4.1.0"
    },
    "marge": {
      "options": {
        "overwrite": false,
        "html": false,
        "json": true
      },
      "version": "4.0.1"
    }
  }
}