{
  "stats": {
    "suites": 1,
    "tests": 1,
    "passes": 0,
    "pending": 0,
    "failures": 1,
    "start": "2019-08-18T07:35:18.845Z",
    "end": "2019-08-18T07:35:19.050Z",
    "duration": 205,
    "testsRegistered": 1,
    "passPercent": 0,
    "pendingPercent": 0,
    "other": 0,
    "hasOther": false,
    "skipped": 0,
    "hasSkipped": false
  },
  "results": [
    {
      "uuid": "25b24825-c0c0-40c1-a07b-391b82e34701",
      "title": "",
      "fullFile": "",
      "file": "",
      "beforeHooks": [],
      "afterHooks": [],
      "tests": [],
      "suites": [
        {
          "uuid": "d698f98e-fcd1-46ce-83ef-caf52b8b71d3",
          "title": "Login",
          "fullFile": "",
          "file": "",
          "beforeHooks": [],
          "afterHooks": [],
          "tests": [
            {
              "title": "TC1Performinglogin",
              "fullTitle": "Login TC1Performinglogin",
              "timedOut": null,
              "duration": 186,
              "state": "failed",
              "speed": null,
              "pass": false,
              "fail": true,
              "pending": false,
              "context": null,
              "code": "if (backgroundSection) {\n  backgroundSection.steps.forEach(step => stepTest.call(this, step));\n}\nscenario.steps.forEach(step => stepTest.call(this, step));",
              "err": {
                "message": "TypeError: Cannot read property 'cardata' of undefined",
                "estack": "TypeError: Cannot read property 'cardata' of undefined\n    at Context.<anonymous> (http://localhost:62240/__cypress/tests?p=cypress/integration/login.feature-717:34:21)\n    at Context.resolveAndRunStepDefinition (http://localhost:62240/__cypress/tests?p=cypress/integration/login.feature-717:5935:9)\n    at Context.stepTest (http://localhost:62240/__cypress/tests?p=cypress/integration/login.feature-717:5723:31)\n    at scenario.steps.forEach.step (http://localhost:62240/__cypress/tests?p=cypress/integration/login.feature-717:5768:47)\n    at Array.forEach (<anonymous>)\n    at Context.<anonymous> (http://localhost:62240/__cypress/tests?p=cypress/integration/login.feature-717:5768:22)",
                "diff": null
              },
              "uuid": "7ee94104-5ffa-4065-bfc7-58f76d09dec7",
              "parentUUID": "d698f98e-fcd1-46ce-83ef-caf52b8b71d3",
              "isHook": false,
              "skipped": false
            }
          ],
          "suites": [],
          "passes": [],
          "failures": [
            "7ee94104-5ffa-4065-bfc7-58f76d09dec7"
          ],
          "pending": [],
          "skipped": [],
          "duration": 186,
          "root": false,
          "rootEmpty": false,
          "_timeout": 2000
        }
      ],
      "passes": [],
      "failures": [],
      "pending": [],
      "skipped": [],
      "duration": 0,
      "root": true,
      "rootEmpty": true,
      "_timeout": 2000
    }
  ],
  "meta": {
    "mocha": {
      "version": "5.0.0"
    },
    "mochawesome": {
      "options": {
        "quiet": false,
        "reportFilename": "mochawesome",
        "saveHtml": false,
        "saveJson": true,
        "consoleReporter": "spec",
        "useInlineDiffs": false
      },
      "version": "4.1.0"
    },
    "marge": {
      "options": {
        "overwrite": false,
        "html": false,
        "json": true
      },
      "version": "4.0.1"
    }
  }
}